2023-01-14 08:54:36,215 [Worker-2: Loading available Gradle versions] INFO  o.e.b.c.i.u.g.PublishedGradleVersions - Gradle version information cache is not available. Remote download required.
2023-01-21 08:26:41,267 [Worker-5: Loading available Gradle versions] INFO  o.e.b.c.i.u.g.PublishedGradleVersions - Gradle version information cache is out-of-date. Trying to update.
2023-01-21 08:42:55,906 [JGit-FileStoreAttributeWriter-2] ERROR org.eclipse.jgit.util.FS - Cannot save config file 'FileBasedConfig[Z:\.config\jgit\config]'
java.io.IOException: Creating directories for Z:\.config\jgit failed
	at org.eclipse.jgit.util.FileUtils.mkdirs(FileUtils.java:413)
	at org.eclipse.jgit.internal.storage.file.LockFile.lock(LockFile.java:140)
	at org.eclipse.jgit.storage.file.FileBasedConfig.save(FileBasedConfig.java:184)
	at org.eclipse.jgit.util.FS$FileStoreAttributes.saveToConfig(FS.java:766)
	at org.eclipse.jgit.util.FS$FileStoreAttributes.lambda$5(FS.java:448)
	at java.base/java.util.concurrent.ThreadPoolExecutor.runWorker(ThreadPoolExecutor.java:1136)
	at java.base/java.util.concurrent.ThreadPoolExecutor$Worker.run(ThreadPoolExecutor.java:635)
	at java.base/java.lang.Thread.run(Thread.java:833)
2023-01-28 08:06:02,299 [Worker-1: Loading available Gradle versions] INFO  o.e.b.c.i.u.g.PublishedGradleVersions - Gradle version information cache is out-of-date. Trying to update.
2023-01-28 08:06:06,623 [JGit-FileStoreAttributeWriter-2] ERROR org.eclipse.jgit.util.FS - Cannot save config file 'FileBasedConfig[Z:\.config\jgit\config]'
java.io.IOException: Creating directories for Z:\.config\jgit failed
	at org.eclipse.jgit.util.FileUtils.mkdirs(FileUtils.java:413)
	at org.eclipse.jgit.internal.storage.file.LockFile.lock(LockFile.java:140)
	at org.eclipse.jgit.storage.file.FileBasedConfig.save(FileBasedConfig.java:184)
	at org.eclipse.jgit.util.FS$FileStoreAttributes.saveToConfig(FS.java:766)
	at org.eclipse.jgit.util.FS$FileStoreAttributes.lambda$5(FS.java:448)
	at java.base/java.util.concurrent.ThreadPoolExecutor.runWorker(ThreadPoolExecutor.java:1136)
	at java.base/java.util.concurrent.ThreadPoolExecutor$Worker.run(ThreadPoolExecutor.java:635)
	at java.base/java.lang.Thread.run(Thread.java:833)
2023-01-28 08:22:43,752 [Worker-4: Loading available Gradle versions] INFO  o.e.b.c.i.u.g.PublishedGradleVersions - Gradle version information cache is up-to-date. Trying to read.
2023-01-28 08:27:57,224 [Worker-15: Loading available Gradle versions] INFO  o.e.b.c.i.u.g.PublishedGradleVersions - Gradle version information cache is up-to-date. Trying to read.
2023-01-28 08:29:22,206 [Worker-11: Loading available Gradle versions] INFO  o.e.b.c.i.u.g.PublishedGradleVersions - Gradle version information cache is up-to-date. Trying to read.
2023-01-28 08:29:27,664 [JGit-FileStoreAttributeWriter-2] ERROR org.eclipse.jgit.util.FS - Cannot save config file 'FileBasedConfig[Z:\.config\jgit\config]'
java.io.IOException: Creating directories for Z:\.config\jgit failed
	at org.eclipse.jgit.util.FileUtils.mkdirs(FileUtils.java:413)
	at org.eclipse.jgit.internal.storage.file.LockFile.lock(LockFile.java:140)
	at org.eclipse.jgit.storage.file.FileBasedConfig.save(FileBasedConfig.java:184)
	at org.eclipse.jgit.util.FS$FileStoreAttributes.saveToConfig(FS.java:766)
	at org.eclipse.jgit.util.FS$FileStoreAttributes.lambda$5(FS.java:448)
	at java.base/java.util.concurrent.ThreadPoolExecutor.runWorker(ThreadPoolExecutor.java:1136)
	at java.base/java.util.concurrent.ThreadPoolExecutor$Worker.run(ThreadPoolExecutor.java:635)
	at java.base/java.lang.Thread.run(Thread.java:833)
2023-01-28 08:36:11,176 [Worker-0: Loading available Gradle versions] INFO  o.e.b.c.i.u.g.PublishedGradleVersions - Gradle version information cache is up-to-date. Trying to read.
2023-01-28 08:36:14,904 [JGit-FileStoreAttributeWriter-2] ERROR org.eclipse.jgit.util.FS - Cannot save config file 'FileBasedConfig[Z:\.config\jgit\config]'
java.io.IOException: Creating directories for Z:\.config\jgit failed
	at org.eclipse.jgit.util.FileUtils.mkdirs(FileUtils.java:413)
	at org.eclipse.jgit.internal.storage.file.LockFile.lock(LockFile.java:140)
	at org.eclipse.jgit.storage.file.FileBasedConfig.save(FileBasedConfig.java:184)
	at org.eclipse.jgit.util.FS$FileStoreAttributes.saveToConfig(FS.java:766)
	at org.eclipse.jgit.util.FS$FileStoreAttributes.lambda$5(FS.java:448)
	at java.base/java.util.concurrent.ThreadPoolExecutor.runWorker(ThreadPoolExecutor.java:1136)
	at java.base/java.util.concurrent.ThreadPoolExecutor$Worker.run(ThreadPoolExecutor.java:635)
	at java.base/java.lang.Thread.run(Thread.java:833)
2023-02-04 08:04:38,711 [Worker-1: Loading available Gradle versions] INFO  o.e.b.c.i.u.g.PublishedGradleVersions - Gradle version information cache is out-of-date. Trying to update.
2023-02-04 08:04:42,856 [JGit-FileStoreAttributeWriter-2] ERROR org.eclipse.jgit.util.FS - Cannot save config file 'FileBasedConfig[Z:\.config\jgit\config]'
java.io.IOException: Creating directories for Z:\.config\jgit failed
	at org.eclipse.jgit.util.FileUtils.mkdirs(FileUtils.java:413)
	at org.eclipse.jgit.internal.storage.file.LockFile.lock(LockFile.java:140)
	at org.eclipse.jgit.storage.file.FileBasedConfig.save(FileBasedConfig.java:184)
	at org.eclipse.jgit.util.FS$FileStoreAttributes.saveToConfig(FS.java:766)
	at org.eclipse.jgit.util.FS$FileStoreAttributes.lambda$5(FS.java:448)
	at java.base/java.util.concurrent.ThreadPoolExecutor.runWorker(ThreadPoolExecutor.java:1136)
	at java.base/java.util.concurrent.ThreadPoolExecutor$Worker.run(ThreadPoolExecutor.java:635)
	at java.base/java.lang.Thread.run(Thread.java:833)
